-------------------------------------------------------------------------------
Test set: cn.lhj.dynamicdatasource.v1.OrderTest
-------------------------------------------------------------------------------
Tests run: 1, Failures: 0, Errors: 1, Skipped: 0, Time elapsed: 1.442 s <<< FAILURE! - in cn.lhj.dynamicdatasource.v1.OrderTest
testUpdateOrder  Time elapsed: 0.001 s  <<< ERROR!
java.lang.IllegalStateException: Failed to load ApplicationContext
Caused by: org.springframework.beans.factory.BeanCreationException: Error creating bean with name 'orderService': Injection of resource dependencies failed; nested exception is org.springframework.beans.factory.BeanCreationException: Error creating bean with name 'orderMasterMapper' defined in file [E:\workspeace\geekUniversitytask\JAVA-01\Week_07\lesson02\v1.0\target\classes\cn\lhj\dynamicdatasource\v1\mapper\master\OrderMasterMapper.class]: Cannot resolve reference to bean 'masterSqlSessionFactory' while setting bean property 'sqlSessionFactory'; nested exception is org.springframework.beans.factory.BeanCreationException: Error creating bean with name 'masterSqlSessionFactory' defined in class path resource [cn/lhj/dynamicdatasource/v1/config/MasterDbConfig.class]: Bean instantiation via factory method failed; nested exception is org.springframework.beans.BeanInstantiationException: Failed to instantiate [org.apache.ibatis.session.SqlSessionFactory]: Factory method 'masterSqlSessionFactory' threw exception; nested exception is org.springframework.core.NestedIOException: Failed to parse mapping resource: 'class path resource [mapper/master/*.xml]'; nested exception is java.io.FileNotFoundException: class path resource [mapper/master/*.xml] cannot be opened because it does not exist
Caused by: org.springframework.beans.factory.BeanCreationException: Error creating bean with name 'orderMasterMapper' defined in file [E:\workspeace\geekUniversitytask\JAVA-01\Week_07\lesson02\v1.0\target\classes\cn\lhj\dynamicdatasource\v1\mapper\master\OrderMasterMapper.class]: Cannot resolve reference to bean 'masterSqlSessionFactory' while setting bean property 'sqlSessionFactory'; nested exception is org.springframework.beans.factory.BeanCreationException: Error creating bean with name 'masterSqlSessionFactory' defined in class path resource [cn/lhj/dynamicdatasource/v1/config/MasterDbConfig.class]: Bean instantiation via factory method failed; nested exception is org.springframework.beans.BeanInstantiationException: Failed to instantiate [org.apache.ibatis.session.SqlSessionFactory]: Factory method 'masterSqlSessionFactory' threw exception; nested exception is org.springframework.core.NestedIOException: Failed to parse mapping resource: 'class path resource [mapper/master/*.xml]'; nested exception is java.io.FileNotFoundException: class path resource [mapper/master/*.xml] cannot be opened because it does not exist
Caused by: org.springframework.beans.factory.BeanCreationException: Error creating bean with name 'masterSqlSessionFactory' defined in class path resource [cn/lhj/dynamicdatasource/v1/config/MasterDbConfig.class]: Bean instantiation via factory method failed; nested exception is org.springframework.beans.BeanInstantiationException: Failed to instantiate [org.apache.ibatis.session.SqlSessionFactory]: Factory method 'masterSqlSessionFactory' threw exception; nested exception is org.springframework.core.NestedIOException: Failed to parse mapping resource: 'class path resource [mapper/master/*.xml]'; nested exception is java.io.FileNotFoundException: class path resource [mapper/master/*.xml] cannot be opened because it does not exist
Caused by: org.springframework.beans.BeanInstantiationException: Failed to instantiate [org.apache.ibatis.session.SqlSessionFactory]: Factory method 'masterSqlSessionFactory' threw exception; nested exception is org.springframework.core.NestedIOException: Failed to parse mapping resource: 'class path resource [mapper/master/*.xml]'; nested exception is java.io.FileNotFoundException: class path resource [mapper/master/*.xml] cannot be opened because it does not exist
Caused by: org.springframework.core.NestedIOException: Failed to parse mapping resource: 'class path resource [mapper/master/*.xml]'; nested exception is java.io.FileNotFoundException: class path resource [mapper/master/*.xml] cannot be opened because it does not exist
Caused by: java.io.FileNotFoundException: class path resource [mapper/master/*.xml] cannot be opened because it does not exist

